<?xml version="1.0" encoding="UTF-8" ?>
<testsuite errors="0" failures="0" hostname="PC_d-Alexis" name="Outils.DiviserGrapheTest" skipped="0" tests="3" time="0.154" timestamp="2026-06-21T22:59:20">
  <properties>
[...]
</properties>
  <testcase classname="Outils.DiviserGrapheTest" name="testDepotPresentDansLesDeuxSecteurs" time="0.007" />
  <testcase classname="Outils.DiviserGrapheTest" name="testRepartitionCompleteSecteurs" time="0.001" />
  <testcase classname="Outils.DiviserGrapheTest" name="testDiviserEnDeuxRenvoieDeuxSecteurs" time="0.0" />
  <system-out><![CDATA[]]></system-out>
  <system-err><![CDATA[]]></system-err>
</testsuite>
